Config file config/config.yaml is extended by additional config specified via the command line.
Building DAG of jobs...
Provided cores: 8
Rules claiming more threads will be scaled down.
Conda environments: ignored
Job stats:
job                       count
----------------------  -------
add_generators                1
build_bus_regions             1
build_load_weights            1
build_shapes                  1
cluster_network               1
prepare_bmu_data              1
prepare_live_network          1
retrieve_live_bmu_data        1
retrieve_wiki_data            1
simplify_network              1
solve_network                 1
total                        11

Select jobs to execute...

[Fri Mar 29 14:55:57 2024]
rule retrieve_live_bmu_data:
    output: resources/live_data/2024-03-25_12/elexon_bmus.csv
    log: logs/pypsa-lmp/retrieve_live_bmu_data_2024-03-25_12.log
    jobid: 8
    reason: Missing output files: resources/live_data/2024-03-25_12/elexon_bmus.csv; Code has changed since last execution
    wildcards: date=2024-03-25, period=12
    resources: tmpdir=C:\Users\alyden\AppData\Local\Temp, mem_mb=1000, mem_mib=954

[Fri Mar 29 14:55:57 2024]
rule build_shapes:
    input: data/bundle/naturalearth/ne_10m_admin_0_countries.shp, data/bundle/eez/World_EEZ_v8_2014.shp, data/bundle/NUTS_2013_60M_SH/data/NUTS_RG_60M_2013.shp, data/bundle/nama_10r_3popgdp.tsv.gz, data/bundle/nama_10r_3gdp.tsv.gz, data/bundle/ch_cantons.csv, data/bundle/je-e-21.03.02.xls
    output: resources/country_shapes.geojson, resources/offshore_shapes.geojson, resources/europe_shape.geojson, resources/nuts3_shapes.geojson
    log: logs/pypsa-lmp/build_shapes.log
    jobid: 6
    reason: Missing output files: resources/offshore_shapes.geojson
    resources: tmpdir=C:\Users\alyden\AppData\Local\Temp, mem_mb=1500, mem_mib=1431

[Fri Mar 29 14:55:57 2024]
rule retrieve_wiki_data:
    output: resources/wiki_data.csv
    log: logs/pypsa-lmp/retrieve_wiki_data.log
    jobid: 4
    reason: Missing output files: resources/wiki_data.csv
    resources: tmpdir=C:\Users\alyden\AppData\Local\Temp, mem_mb=1000, mem_mib=954

[Fri Mar 29 14:56:00 2024]
Finished job 4.
1 of 11 steps (9%) done
Select jobs to execute...

[Fri Mar 29 14:56:00 2024]
rule prepare_bmu_data:
    input: resources/wiki_data.csv, data/ids.csv, data/plant-locations.csv, data/manual/bmus.csv, data/manual/wiki_carrier_mapper.yaml
    output: resources/bmunits_loc.csv
    log: logs/pypsa-lmp/prepare_bmu_data.log
    jobid: 3
    reason: Missing output files: resources/bmunits_loc.csv; Input files updated by another job: resources/wiki_data.csv
    resources: tmpdir=C:\Users\alyden\AppData\Local\Temp, mem_mb=1000, mem_mib=954

[Fri Mar 29 14:56:02 2024]
Finished job 8.
2 of 11 steps (18%) done
[Fri Mar 29 14:56:03 2024]
Finished job 3.
3 of 11 steps (27%) done
[Fri Mar 29 14:56:05 2024]
Finished job 6.
4 of 11 steps (36%) done
Select jobs to execute...

[Fri Mar 29 14:56:05 2024]
rule build_bus_regions:
    input: data/gb_shape.geojson, resources/offshore_shapes.geojson, data/ETYS_base.nc
    output: resources/regions_onshore.geojson, resources/regions_offshore.geojson
    log: logs/pypsa-lmp/build_bus_regions.log
    jobid: 5
    reason: Missing output files: resources/regions_offshore.geojson, resources/regions_onshore.geojson; Input files updated by another job: resources/offshore_shapes.geojson
    resources: tmpdir=C:\Users\alyden\AppData\Local\Temp, mem_mb=1000, mem_mib=954

[Fri Mar 29 14:57:54 2024]
Finished job 5.
5 of 11 steps (45%) done
Select jobs to execute...

[Fri Mar 29 14:57:54 2024]
rule add_generators:
    input: data/ETYS_base.nc, data/gb_shape.geojson, resources/bmunits_loc.csv, resources/regions_onshore.geojson, resources/regions_offshore.geojson, data/manual/carrier_costs.yaml
    output: resources/networks/gen.nc
    log: logs/pypsa-lmp/add_generators.log
    jobid: 2
    reason: Missing output files: resources/networks/gen.nc; Input files updated by another job: resources/regions_offshore.geojson, resources/bmunits_loc.csv, resources/regions_onshore.geojson
    resources: tmpdir=C:\Users\alyden\AppData\Local\Temp, mem_mb=1000, mem_mib=954

[Fri Mar 29 14:57:54 2024]
rule build_load_weights:
    input: resources/regions_onshore.geojson, data/gsp_geometries.geojson, data/gsp_gnode_directconnect_region_lookup.csv, data/FES-2021--Leading_the_Way--demandpk-all--gridsupplypoints.csv, data/FES-2021--Falling_Short--demandpk-all--gridsupplypoints.csv
    output: resources/load_weights.csv
    log: logs/pypsa-lmp/build_load_weights.log
    jobid: 7
    reason: Missing output files: resources/load_weights.csv; Input files updated by another job: resources/regions_onshore.geojson
    resources: tmpdir=C:\Users\alyden\AppData\Local\Temp, mem_mb=1000, mem_mib=954

[Fri Mar 29 14:58:21 2024]
Finished job 2.
6 of 11 steps (55%) done
[Fri Mar 29 14:58:29 2024]
Finished job 7.
7 of 11 steps (64%) done
Select jobs to execute...

[Fri Mar 29 14:58:29 2024]
rule prepare_live_network:
    input: resources/networks/gen.nc, resources/load_weights.csv, resources/live_data/2024-03-25_12/elexon_bmus.csv
    output: resources/live_data/2024-03-25_12/network.nc
    log: logs/pypsa-lmp/prepare_live_network_2024-03-25_12.log
    jobid: 1
    reason: Missing output files: resources/live_data/2024-03-25_12/network.nc; Input files updated by another job: resources/networks/gen.nc, resources/load_weights.csv, resources/live_data/2024-03-25_12/elexon_bmus.csv
    wildcards: date=2024-03-25, period=12
    resources: tmpdir=C:\Users\alyden\AppData\Local\Temp, mem_mb=1500, mem_mib=1431

[Fri Mar 29 14:58:33 2024]
Finished job 1.
8 of 11 steps (73%) done
Select jobs to execute...

[Fri Mar 29 14:58:33 2024]
rule simplify_network:
    input: resources/live_data/2024-03-25_12/network.nc, resources/regions_onshore.geojson, resources/regions_offshore.geojson, data/costs_2020.csv
    output: resources/live_data/2024-03-25_12/network_s.nc, resources/live_data/2024-03-25_12/regions_onshore_s.geojson, resources/live_data/2024-03-25_12/regions_offshore_s.geojson, resources/live_data/2024-03-25_12/busmap_s.csv, resources/live_data/2024-03-25_12/connection_costs_s.csv
    log: logs/pypsa-lmp/simplify_network_2024-03-25_12_s.log
    jobid: 0
    reason: Missing output files: resources/live_data/2024-03-25_12/network_s.nc, resources/live_data/2024-03-25_12/regions_onshore_s.geojson, resources/live_data/2024-03-25_12/regions_offshore_s.geojson; Input files updated by another job: resources/regions_offshore.geojson, resources/live_data/2024-03-25_12/network.nc, resources/regions_onshore.geojson
    wildcards: date=2024-03-25, period=12
    resources: tmpdir=C:\Users\alyden\AppData\Local\Temp, mem_mb=1500, mem_mib=1431

Waiting at most 5 seconds for missing files.
MissingOutputException in rule simplify_network in file C:\Users\alyden\OneDrive - University of Edinburgh\Python\LMP\Snakefile, line 306:
Job 0 completed successfully, but some output files are missing. Missing files after 5 seconds. This might be due to filesystem latency. If that is the case, consider to increase the wait time with --latency-wait:
resources/live_data/2024-03-25_12/connection_costs_s.csv
Removing output files of failed job simplify_network since they might be corrupted:
resources/live_data/2024-03-25_12/network_s.nc, resources/live_data/2024-03-25_12/regions_onshore_s.geojson, resources/live_data/2024-03-25_12/regions_offshore_s.geojson, resources/live_data/2024-03-25_12/busmap_s.csv
Shutting down, this might take some time.
Exiting because a job execution failed. Look above for error message
Complete log: .snakemake\log\2024-03-29T145554.884915.snakemake.log
