Config file config/config.yaml is extended by additional config specified via the command line.
Building DAG of jobs...
Provided cores: 8
Rules claiming more threads will be scaled down.
Conda environments: ignored
Job stats:
job                     count
--------------------  -------
add_generators              1
build_load_weights          1
cluster_network             1
prepare_live_network        1
simplify_network            1
solve_network               1
total                       6

Select jobs to execute...

[Tue Apr  2 15:47:06 2024]
rule add_generators:
    input: data/ETYS_base.nc, data/gb_shape.geojson, resources/bmunits_loc.csv, resources/regions_onshore.geojson, resources/regions_offshore.geojson, data/manual/carrier_costs.yaml
    output: resources/networks/gen.nc
    log: logs/pypsa-lmp/add_generators.log
    jobid: 2
    reason: Code has changed since last execution
    resources: tmpdir=C:\Users\alyden\AppData\Local\Temp, mem_mb=1000, mem_mib=954

[Tue Apr  2 15:47:06 2024]
rule build_load_weights:
    input: resources/regions_onshore.geojson, data/gsp_geometries.geojson, data/gsp_gnode_directconnect_region_lookup.csv, data/FES-2021--Leading_the_Way--demandpk-all--gridsupplypoints.csv, data/FES-2021--Falling_Short--demandpk-all--gridsupplypoints.csv
    output: resources/load_weights.csv
    log: logs/pypsa-lmp/build_load_weights.log
    jobid: 7
    reason: Missing output files: resources/load_weights.csv; Updated input files: resources/regions_onshore.geojson
    resources: tmpdir=C:\Users\alyden\AppData\Local\Temp, mem_mb=1000, mem_mib=954

[Tue Apr  2 15:47:35 2024]
Finished job 2.
1 of 6 steps (17%) done
[Tue Apr  2 15:47:44 2024]
Finished job 7.
2 of 6 steps (33%) done
Select jobs to execute...

[Tue Apr  2 15:47:44 2024]
rule prepare_live_network:
    input: resources/networks/gen.nc, resources/load_weights.csv, resources/live_data/2024-03-25_12/elexon_bmus.csv
    output: resources/live_data/2024-03-25_12/network.nc
    log: logs/pypsa-lmp/prepare_live_network_2024-03-25_12.log
    jobid: 1
    reason: Input files updated by another job: resources/load_weights.csv, resources/networks/gen.nc
    wildcards: date=2024-03-25, period=12
    resources: tmpdir=C:\Users\alyden\AppData\Local\Temp, mem_mb=1500, mem_mib=1431

[Tue Apr  2 15:47:53 2024]
Finished job 1.
3 of 6 steps (50%) done
Select jobs to execute...

[Tue Apr  2 15:47:53 2024]
rule simplify_network:
    input: resources/live_data/2024-03-25_12/network.nc, resources/regions_onshore.geojson, resources/regions_offshore.geojson, data/costs_2020.csv
    output: resources/live_data/2024-03-25_12/network_s.nc, resources/live_data/2024-03-25_12/regions_onshore_s.geojson, resources/live_data/2024-03-25_12/regions_offshore_s.geojson, resources/live_data/2024-03-25_12/busmap_s.csv, resources/live_data/2024-03-25_12/connection_costs_s.csv
    log: logs/pypsa-lmp/simplify_network_2024-03-25_12_s.log
    jobid: 0
    reason: Missing output files: resources/live_data/2024-03-25_12/regions_onshore_s.geojson, resources/live_data/2024-03-25_12/regions_offshore_s.geojson; Input files updated by another job: resources/live_data/2024-03-25_12/network.nc
    wildcards: date=2024-03-25, period=12
    resources: tmpdir=C:\Users\alyden\AppData\Local\Temp, mem_mb=1500, mem_mib=1431

[Tue Apr  2 15:48:48 2024]
Finished job 0.
4 of 6 steps (67%) done
Select jobs to execute...

[Tue Apr  2 15:48:48 2024]
rule cluster_network:
    input: data/nodal_zones.geojson, resources/live_data/2024-03-25_12/regions_onshore_s.geojson, resources/live_data/2024-03-25_12/regions_offshore_s.geojson, resources/live_data/2024-03-25_12/network_s.nc, data/costs_2020.csv
    output: resources/live_data/2024-03-25_12/network_s_nodal.nc
    log: logs/pypsa-lmp/cluster_network_2024-03-25_12_s_nodal.log
    jobid: 10
    reason: Input files updated by another job: resources/live_data/2024-03-25_12/network_s.nc, resources/live_data/2024-03-25_12/regions_onshore_s.geojson, resources/live_data/2024-03-25_12/regions_offshore_s.geojson
    wildcards: date=2024-03-25, period=12, layout=nodal
    resources: tmpdir=C:\Users\alyden\AppData\Local\Temp, mem_mb=1500, mem_mib=1431

[Tue Apr  2 15:48:52 2024]
Finished job 10.
5 of 6 steps (83%) done
Select jobs to execute...

[Tue Apr  2 15:48:52 2024]
rule solve_network:
    input: resources/live_data/2024-03-25_12/network_s_nodal.nc
    output: resources/live_data/2024-03-25_12/network_s_nodal_solved.nc
    log: logs/pypsa-lmp/solve_network_2024-03-25_12_s_nodal.log
    jobid: 9
    reason: Input files updated by another job: resources/live_data/2024-03-25_12/network_s_nodal.nc
    wildcards: date=2024-03-25, period=12, layout=nodal
    resources: tmpdir=C:\Users\alyden\AppData\Local\Temp, mem_mb=1500, mem_mib=1431

[Tue Apr  2 15:49:08 2024]
Error in rule solve_network:
    jobid: 9
    input: resources/live_data/2024-03-25_12/network_s_nodal.nc
    output: resources/live_data/2024-03-25_12/network_s_nodal_solved.nc
    log: logs/pypsa-lmp/solve_network_2024-03-25_12_s_nodal.log (check log file(s) for error details)
    conda-env: C:\Users\alyden\OneDrive - University of Edinburgh\Python\LMP\.snakemake\conda\cf0dbe1799d06fa5b5ff98f73b111298_

RuleException:
CalledProcessError in file C:\Users\alyden\OneDrive - University of Edinburgh\Python\LMP\Snakefile, line 377:
Command 'C:/Users/alyden/AppData/Local/miniforge3/envs/pypsa-lmp/python.exe "C:\Users\alyden\OneDrive - University of Edinburgh\Python\LMP\.snakemake\scripts\tmpes4gdqmy.solve_network.py"' returned non-zero exit status 1.
  File "C:\Users\alyden\OneDrive - University of Edinburgh\Python\LMP\Snakefile", line 377, in __rule_solve_network
  File "C:\Users\alyden\AppData\Local\miniforge3\envs\pypsa-lmp\Lib\concurrent\futures\thread.py", line 58, in run
Shutting down, this might take some time.
Exiting because a job execution failed. Look above for error message
Complete log: .snakemake\log\2024-04-02T154705.808252.snakemake.log
