Config file config/config.yaml is extended by additional config specified via the command line.
Building DAG of jobs...
Provided cores: 8
Rules claiming more threads will be scaled down.
Conda environments: ignored
Job stats:
job                     count
--------------------  -------
add_generators              1
cluster_network             1
prepare_bmu_data            1
prepare_live_network        1
retrieve_wiki_data          1
simplify_network            1
solve_network               1
total                       7

Select jobs to execute...

[Fri Mar 29 11:39:01 2024]
rule retrieve_wiki_data:
    output: resources/wiki_data.csv
    log: logs/pypsa-lmp/retrieve_wiki_data.log
    jobid: 4
    reason: Missing output files: resources/wiki_data.csv
    resources: tmpdir=C:\Users\alyden\AppData\Local\Temp, mem_mb=1000, mem_mib=954

[Fri Mar 29 11:39:04 2024]
Finished job 4.
1 of 7 steps (14%) done
Select jobs to execute...

[Fri Mar 29 11:39:04 2024]
rule prepare_bmu_data:
    input: resources/wiki_data.csv, data/ids.csv, data/plant-locations.csv, data/manual/bmus.csv, data/manual/wiki_carrier_mapper.yaml
    output: resources/bmunits_loc.csv
    log: logs/pypsa-lmp/prepare_bmu_data.log
    jobid: 3
    reason: Missing output files: resources/bmunits_loc.csv; Input files updated by another job: resources/wiki_data.csv
    resources: tmpdir=C:\Users\alyden\AppData\Local\Temp, mem_mb=1000, mem_mib=954

[Fri Mar 29 11:39:06 2024]
Finished job 3.
2 of 7 steps (29%) done
Select jobs to execute...

[Fri Mar 29 11:39:06 2024]
rule add_generators:
    input: data/ETYS_base.nc, data/gb_shape.geojson, resources/bmunits_loc.csv, resources/regions_onshore.geojson, resources/regions_offshore.geojson, data/manual/carrier_costs.yaml
    output: resources/networks/gen.nc
    log: logs/pypsa-lmp/add_generators.log
    jobid: 2
    reason: Missing output files: resources/networks/gen.nc; Input files updated by another job: resources/bmunits_loc.csv
    resources: tmpdir=C:\Users\alyden\AppData\Local\Temp, mem_mb=1000, mem_mib=954

[Fri Mar 29 11:39:31 2024]
Finished job 2.
3 of 7 steps (43%) done
Select jobs to execute...

[Fri Mar 29 11:39:31 2024]
rule prepare_live_network:
    input: resources/networks/gen.nc, resources/load_weights.csv, resources/live_data/2024-03-25_12/elexon_bmus.csv
    output: resources/live_data/2024-03-25_12/network.nc
    log: logs/pypsa-lmp/prepare_live_network_2024-03-25_12.log
    jobid: 1
    reason: Missing output files: resources/live_data/2024-03-25_12/network.nc; Input files updated by another job: resources/networks/gen.nc
    wildcards: date=2024-03-25, period=12
    resources: tmpdir=C:\Users\alyden\AppData\Local\Temp, mem_mb=1500, mem_mib=1431

[Fri Mar 29 11:39:36 2024]
Finished job 1.
4 of 7 steps (57%) done
Select jobs to execute...

[Fri Mar 29 11:39:36 2024]
rule simplify_network:
    input: resources/live_data/2024-03-25_12/network.nc, resources/regions_onshore.geojson, resources/regions_offshore.geojson, data/costs_2020.csv
    output: resources/live_data/2024-03-25_12/network_s.nc, resources/live_data/2024-03-25_12/regions_onshore_s.geojson, resources/live_data/2024-03-25_12/regions_offshore_s.geojson, resources/live_data/2024-03-25_12/busmap_s.csv, resources/live_data/2024-03-25_12/connection_costs_s.csv
    log: logs/pypsa-lmp/simplify_network_2024-03-25_12_s.log
    jobid: 0
    reason: Missing output files: resources/live_data/2024-03-25_12/regions_onshore_s.geojson, resources/live_data/2024-03-25_12/regions_offshore_s.geojson, resources/live_data/2024-03-25_12/network_s.nc; Input files updated by another job: resources/live_data/2024-03-25_12/network.nc
    wildcards: date=2024-03-25, period=12
    resources: tmpdir=C:\Users\alyden\AppData\Local\Temp, mem_mb=1500, mem_mib=1431

[Fri Mar 29 11:39:41 2024]
Error in rule simplify_network:
    jobid: 0
    input: resources/live_data/2024-03-25_12/network.nc, resources/regions_onshore.geojson, resources/regions_offshore.geojson, data/costs_2020.csv
    output: resources/live_data/2024-03-25_12/network_s.nc, resources/live_data/2024-03-25_12/regions_onshore_s.geojson, resources/live_data/2024-03-25_12/regions_offshore_s.geojson, resources/live_data/2024-03-25_12/busmap_s.csv, resources/live_data/2024-03-25_12/connection_costs_s.csv
    log: logs/pypsa-lmp/simplify_network_2024-03-25_12_s.log (check log file(s) for error details)
    conda-env: C:\Users\alyden\OneDrive - University of Edinburgh\Python\LMP\.snakemake\conda\cf0dbe1799d06fa5b5ff98f73b111298_

RuleException:
CalledProcessError in file C:\Users\alyden\OneDrive - University of Edinburgh\Python\LMP\Snakefile, line 333:
Command 'C:/Users/alyden/AppData/Local/miniforge3/envs/pypsa-lmp/python.exe "C:\Users\alyden\OneDrive - University of Edinburgh\Python\LMP\.snakemake\scripts\tmplfiq23gg.simplify_network.py"' returned non-zero exit status 1.
  File "C:\Users\alyden\OneDrive - University of Edinburgh\Python\LMP\Snakefile", line 333, in __rule_simplify_network
  File "C:\Users\alyden\AppData\Local\miniforge3\envs\pypsa-lmp\Lib\concurrent\futures\thread.py", line 58, in run
Shutting down, this might take some time.
Exiting because a job execution failed. Look above for error message
Complete log: .snakemake\log\2024-03-29T113901.174159.snakemake.log
