Config file config/config.yaml is extended by additional config specified via the command line.
Building DAG of jobs...
Provided cores: 8
Rules claiming more threads will be scaled down.
Conda environments: ignored
Job stats:
job                 count
----------------  -------
cluster_network         1
simplify_network        1
solve_network           1
total                   3

Select jobs to execute...

[Fri Mar 29 15:03:12 2024]
rule simplify_network:
    input: resources/live_data/2024-03-25_12/network.nc, resources/regions_onshore.geojson, resources/regions_offshore.geojson, data/costs_2020.csv
    output: resources/live_data/2024-03-25_12/network_s.nc, resources/live_data/2024-03-25_12/regions_onshore_s.geojson, resources/live_data/2024-03-25_12/regions_offshore_s.geojson, resources/live_data/2024-03-25_12/busmap_s.csv
    log: logs/pypsa-lmp/simplify_network_2024-03-25_12_s.log
    jobid: 0
    reason: Missing output files: resources/live_data/2024-03-25_12/regions_offshore_s.geojson, resources/live_data/2024-03-25_12/regions_onshore_s.geojson, resources/live_data/2024-03-25_12/network_s.nc
    wildcards: date=2024-03-25, period=12
    resources: tmpdir=C:\Users\alyden\AppData\Local\Temp, mem_mb=1500, mem_mib=1431

[Fri Mar 29 15:03:47 2024]
Finished job 0.
1 of 3 steps (33%) done
Select jobs to execute...

[Fri Mar 29 15:03:47 2024]
rule cluster_network:
    input: data/nodal_zones.geojson, resources/live_data/2024-03-25_12/regions_onshore_s.geojson, resources/live_data/2024-03-25_12/regions_offshore_s.geojson, resources/live_data/2024-03-25_12/network_s.nc, data/costs_2020.csv
    output: resources/live_data/2024-03-25_12/network_s_nodal.nc
    log: logs/pypsa-lmp/cluster_network_2024-03-25_12_s_nodal.log
    jobid: 10
    reason: Missing output files: resources/live_data/2024-03-25_12/network_s_nodal.nc; Input files updated by another job: resources/live_data/2024-03-25_12/regions_offshore_s.geojson, resources/live_data/2024-03-25_12/regions_onshore_s.geojson, resources/live_data/2024-03-25_12/network_s.nc
    wildcards: date=2024-03-25, period=12, layout=nodal
    resources: tmpdir=C:\Users\alyden\AppData\Local\Temp, mem_mb=1500, mem_mib=1431

[Fri Mar 29 15:03:51 2024]
Finished job 10.
2 of 3 steps (67%) done
Select jobs to execute...

[Fri Mar 29 15:03:51 2024]
rule solve_network:
    input: resources/live_data/2024-03-25_12/network_s_nodal.nc
    output: resources/live_data/2024-03-25_12/network_s_nodal_solved.nc
    log: logs/pypsa-lmp/solve_network_2024-03-25_12_s_nodal.log
    jobid: 9
    reason: Missing output files: resources/live_data/2024-03-25_12/network_s_nodal_solved.nc; Input files updated by another job: resources/live_data/2024-03-25_12/network_s_nodal.nc
    wildcards: date=2024-03-25, period=12, layout=nodal
    resources: tmpdir=C:\Users\alyden\AppData\Local\Temp, mem_mb=1500, mem_mib=1431

[Fri Mar 29 15:03:56 2024]
Error in rule solve_network:
    jobid: 9
    input: resources/live_data/2024-03-25_12/network_s_nodal.nc
    output: resources/live_data/2024-03-25_12/network_s_nodal_solved.nc
    log: logs/pypsa-lmp/solve_network_2024-03-25_12_s_nodal.log (check log file(s) for error details)
    conda-env: C:\Users\alyden\OneDrive - University of Edinburgh\Python\LMP\.snakemake\conda\cf0dbe1799d06fa5b5ff98f73b111298_

RuleException:
CalledProcessError in file C:\Users\alyden\OneDrive - University of Edinburgh\Python\LMP\Snakefile, line 377:
Command 'C:/Users/alyden/AppData/Local/miniforge3/envs/pypsa-lmp/python.exe "C:\Users\alyden\OneDrive - University of Edinburgh\Python\LMP\.snakemake\scripts\tmph43g9l16.solve_network.py"' returned non-zero exit status 1.
  File "C:\Users\alyden\OneDrive - University of Edinburgh\Python\LMP\Snakefile", line 377, in __rule_solve_network
  File "C:\Users\alyden\AppData\Local\miniforge3\envs\pypsa-lmp\Lib\concurrent\futures\thread.py", line 58, in run
Shutting down, this might take some time.
Exiting because a job execution failed. Look above for error message
Complete log: .snakemake\log\2024-03-29T150312.189518.snakemake.log
