Config file config/config.yaml is extended by additional config specified via the command line.
Building DAG of jobs...
Provided cores: 8
Rules claiming more threads will be scaled down.
Conda environments: ignored
Job stats:
job                       count
----------------------  -------
add_generators                1
build_bus_regions             1
build_load_weights            1
build_shapes                  1
cluster_network               1
prepare_bmu_data              1
prepare_live_network          1
retrieve_databundle           1
retrieve_live_bmu_data        1
retrieve_wiki_data            1
simplify_network              1
solve_network                 1
total                        12

Select jobs to execute...

[Fri Mar 29 14:48:33 2024]
rule retrieve_live_bmu_data:
    output: resources/live_data/2024-03-25_12/elexon_bmus.csv
    log: logs/pypsa-lmp/retrieve_live_bmu_data_2024-03-25_12.log
    jobid: 9
    reason: Missing output files: resources/live_data/2024-03-25_12/elexon_bmus.csv; Code has changed since last execution
    wildcards: date=2024-03-25, period=12
    resources: tmpdir=C:\Users\alyden\AppData\Local\Temp, mem_mb=1000, mem_mib=954

[Fri Mar 29 14:48:33 2024]
rule retrieve_databundle:
    output: data/bundle/ch_cantons.csv, data/bundle/je-e-21.03.02.xls, data/bundle/eez/World_EEZ_v8_2014.shp, data/bundle/hydro_capacities.csv, data/bundle/naturalearth/ne_10m_admin_0_countries.shp, data/bundle/NUTS_2013_60M_SH/data/NUTS_RG_60M_2013.shp, data/bundle/nama_10r_3popgdp.tsv.gz, data/bundle/nama_10r_3gdp.tsv.gz, data/bundle/corine/g250_clc06_V18_5.tif, data/bundle/natura/Natura2000_end2015.shp, data/bundle/GEBCO_2014_2D.nc
    log: logs/pypsa-lmp/retrieve_databundle.log
    jobid: 7
    reason: Missing output files: data/bundle/nama_10r_3gdp.tsv.gz, data/bundle/ch_cantons.csv, data/bundle/eez/World_EEZ_v8_2014.shp, data/bundle/je-e-21.03.02.xls, data/bundle/nama_10r_3popgdp.tsv.gz, data/bundle/NUTS_2013_60M_SH/data/NUTS_RG_60M_2013.shp, data/bundle/naturalearth/ne_10m_admin_0_countries.shp
    resources: tmpdir=C:\Users\alyden\AppData\Local\Temp, mem_mb=1000, mem_mib=954

[Fri Mar 29 14:48:33 2024]
rule retrieve_wiki_data:
    output: resources/wiki_data.csv
    log: logs/pypsa-lmp/retrieve_wiki_data.log
    jobid: 4
    reason: Missing output files: resources/wiki_data.csv; Code has changed since last execution
    resources: tmpdir=C:\Users\alyden\AppData\Local\Temp, mem_mb=1000, mem_mib=954

[Fri Mar 29 14:48:34 2024]
Error in rule retrieve_wiki_data:
    jobid: 4
    output: resources/wiki_data.csv
    log: logs/pypsa-lmp/retrieve_wiki_data.log (check log file(s) for error details)
    conda-env: C:\Users\alyden\OneDrive - University of Edinburgh\Python\LMP\.snakemake\conda\cf0dbe1799d06fa5b5ff98f73b111298_

RuleException:
CalledProcessError in file C:\Users\alyden\OneDrive - University of Edinburgh\Python\LMP\Snakefile, line 190:
Command 'C:/Users/alyden/AppData/Local/miniforge3/envs/pypsa-eur-retrieve/python.exe "C:\Users\alyden\OneDrive - University of Edinburgh\Python\LMP\.snakemake\scripts\tmp310275tn.retrieve_wiki_data.py"' returned non-zero exit status 1.
  File "C:\Users\alyden\OneDrive - University of Edinburgh\Python\LMP\Snakefile", line 190, in __rule_retrieve_wiki_data
  File "C:\Users\alyden\AppData\Local\miniforge3\envs\pypsa-eur-retrieve\Lib\concurrent\futures\thread.py", line 58, in run
[Fri Mar 29 14:48:36 2024]
Finished job 9.
1 of 12 steps (8%) done
Write-protecting output file data/bundle/ch_cantons.csv.
Write-protecting output file data/bundle/je-e-21.03.02.xls.
Write-protecting output file data/bundle/eez/World_EEZ_v8_2014.shp.
Write-protecting output file data/bundle/hydro_capacities.csv.
Write-protecting output file data/bundle/naturalearth/ne_10m_admin_0_countries.shp.
Write-protecting output file data/bundle/NUTS_2013_60M_SH/data/NUTS_RG_60M_2013.shp.
Write-protecting output file data/bundle/nama_10r_3popgdp.tsv.gz.
Write-protecting output file data/bundle/nama_10r_3gdp.tsv.gz.
Write-protecting output file data/bundle/corine/g250_clc06_V18_5.tif.
Write-protecting output file data/bundle/natura/Natura2000_end2015.shp.
Write-protecting output file data/bundle/GEBCO_2014_2D.nc.
[Fri Mar 29 14:53:04 2024]
Finished job 7.
2 of 12 steps (17%) done
Shutting down, this might take some time.
Exiting because a job execution failed. Look above for error message
Complete log: .snakemake\log\2024-03-29T144830.820767.snakemake.log
