Config file config/config.yaml is extended by additional config specified via the command line.
Building DAG of jobs...
Provided cores: 8
Rules claiming more threads will be scaled down.
Conda environments: ignored
Job stats:
job                     count
--------------------  -------
add_generators              1
build_bus_regions           1
build_load_weights          1
cluster_network             1
prepare_live_network        1
simplify_network            1
solve_network               1
total                       7

Select jobs to execute...

[Fri Mar 29 15:14:15 2024]
rule build_bus_regions:
    input: data/gb_shape.geojson, resources/offshore_shapes.geojson, data/ETYS_base.nc
    output: resources/regions_onshore.geojson, resources/regions_offshore.geojson
    log: logs/pypsa-lmp/build_bus_regions.log
    jobid: 7
    reason: Updated input files: data/ETYS_base.nc
    resources: tmpdir=C:\Users\alyden\AppData\Local\Temp, mem_mb=1000, mem_mib=954

[Fri Mar 29 15:15:51 2024]
Finished job 7.
1 of 7 steps (14%) done
Select jobs to execute...

[Fri Mar 29 15:15:51 2024]
rule build_load_weights:
    input: resources/regions_onshore.geojson, data/gsp_geometries.geojson, data/gsp_gnode_directconnect_region_lookup.csv, data/FES-2021--Leading_the_Way--demandpk-all--gridsupplypoints.csv, data/FES-2021--Falling_Short--demandpk-all--gridsupplypoints.csv
    output: resources/load_weights.csv
    log: logs/pypsa-lmp/build_load_weights.log
    jobid: 9
    reason: Input files updated by another job: resources/regions_onshore.geojson
    resources: tmpdir=C:\Users\alyden\AppData\Local\Temp, mem_mb=1000, mem_mib=954

[Fri Mar 29 15:15:51 2024]
rule add_generators:
    input: data/ETYS_base.nc, data/gb_shape.geojson, resources/bmunits_loc.csv, resources/regions_onshore.geojson, resources/regions_offshore.geojson, data/manual/carrier_costs.yaml
    output: resources/networks/gen.nc
    log: logs/pypsa-lmp/add_generators.log
    jobid: 4
    reason: Input files updated by another job: resources/regions_offshore.geojson, resources/regions_onshore.geojson
    resources: tmpdir=C:\Users\alyden\AppData\Local\Temp, mem_mb=1000, mem_mib=954

[Fri Mar 29 15:16:18 2024]
Finished job 4.
2 of 7 steps (29%) done
[Fri Mar 29 15:16:27 2024]
Finished job 9.
3 of 7 steps (43%) done
Select jobs to execute...

[Fri Mar 29 15:16:27 2024]
rule prepare_live_network:
    input: resources/networks/gen.nc, resources/load_weights.csv, resources/live_data/2024-03-25_12/elexon_bmus.csv
    output: resources/live_data/2024-03-25_12/network.nc
    log: logs/pypsa-lmp/prepare_live_network_2024-03-25_12.log
    jobid: 3
    reason: Input files updated by another job: resources/networks/gen.nc, resources/load_weights.csv
    wildcards: date=2024-03-25, period=12
    resources: tmpdir=C:\Users\alyden\AppData\Local\Temp, mem_mb=1500, mem_mib=1431

[Fri Mar 29 15:16:31 2024]
Finished job 3.
4 of 7 steps (57%) done
Select jobs to execute...

[Fri Mar 29 15:16:31 2024]
rule simplify_network:
    input: resources/live_data/2024-03-25_12/network.nc, resources/regions_onshore.geojson, resources/regions_offshore.geojson, data/costs_2020.csv
    output: resources/live_data/2024-03-25_12/network_s.nc, resources/live_data/2024-03-25_12/regions_onshore_s.geojson, resources/live_data/2024-03-25_12/regions_offshore_s.geojson, resources/live_data/2024-03-25_12/busmap_s.csv, resources/live_data/2024-03-25_12/connection_costs_s.csv
    log: logs/pypsa-lmp/simplify_network_2024-03-25_12_s.log
    jobid: 2
    reason: Missing output files: resources/live_data/2024-03-25_12/network_s.nc, resources/live_data/2024-03-25_12/regions_onshore_s.geojson, resources/live_data/2024-03-25_12/regions_offshore_s.geojson; Input files updated by another job: resources/regions_offshore.geojson, resources/live_data/2024-03-25_12/network.nc, resources/regions_onshore.geojson
    wildcards: date=2024-03-25, period=12
    resources: tmpdir=C:\Users\alyden\AppData\Local\Temp, mem_mb=1500, mem_mib=1431

[Fri Mar 29 15:17:07 2024]
Finished job 2.
5 of 7 steps (71%) done
Select jobs to execute...

[Fri Mar 29 15:17:07 2024]
rule cluster_network:
    input: data/nodal_zones.geojson, resources/live_data/2024-03-25_12/regions_onshore_s.geojson, resources/live_data/2024-03-25_12/regions_offshore_s.geojson, resources/live_data/2024-03-25_12/network_s.nc, data/costs_2020.csv
    output: resources/live_data/2024-03-25_12/network_s_nodal.nc
    log: logs/pypsa-lmp/cluster_network_2024-03-25_12_s_nodal.log
    jobid: 1
    reason: Input files updated by another job: resources/live_data/2024-03-25_12/network_s.nc, resources/live_data/2024-03-25_12/regions_onshore_s.geojson, resources/live_data/2024-03-25_12/regions_offshore_s.geojson
    wildcards: date=2024-03-25, period=12, layout=nodal
    resources: tmpdir=C:\Users\alyden\AppData\Local\Temp, mem_mb=1500, mem_mib=1431

[Fri Mar 29 15:17:11 2024]
Finished job 1.
6 of 7 steps (86%) done
Select jobs to execute...

[Fri Mar 29 15:17:11 2024]
rule solve_network:
    input: resources/live_data/2024-03-25_12/network_s_nodal.nc
    output: resources/live_data/2024-03-25_12/network_s_nodal_solved.nc
    log: logs/pypsa-lmp/solve_network_2024-03-25_12_s_nodal.log
    jobid: 0
    reason: Input files updated by another job: resources/live_data/2024-03-25_12/network_s_nodal.nc
    wildcards: date=2024-03-25, period=12, layout=nodal
    resources: tmpdir=C:\Users\alyden\AppData\Local\Temp, mem_mb=1500, mem_mib=1431

[Fri Mar 29 15:17:15 2024]
Error in rule solve_network:
    jobid: 0
    input: resources/live_data/2024-03-25_12/network_s_nodal.nc
    output: resources/live_data/2024-03-25_12/network_s_nodal_solved.nc
    log: logs/pypsa-lmp/solve_network_2024-03-25_12_s_nodal.log (check log file(s) for error details)
    conda-env: C:\Users\alyden\OneDrive - University of Edinburgh\Python\LMP\.snakemake\conda\cf0dbe1799d06fa5b5ff98f73b111298_

RuleException:
CalledProcessError in file C:\Users\alyden\OneDrive - University of Edinburgh\Python\LMP\Snakefile, line 377:
Command 'C:/Users/alyden/AppData/Local/miniforge3/envs/pypsa-lmp/python.exe "C:\Users\alyden\OneDrive - University of Edinburgh\Python\LMP\.snakemake\scripts\tmp_b61f0r2.solve_network.py"' returned non-zero exit status 1.
  File "C:\Users\alyden\OneDrive - University of Edinburgh\Python\LMP\Snakefile", line 377, in __rule_solve_network
  File "C:\Users\alyden\AppData\Local\miniforge3\envs\pypsa-lmp\Lib\concurrent\futures\thread.py", line 58, in run
Shutting down, this might take some time.
Exiting because a job execution failed. Look above for error message
Complete log: .snakemake\log\2024-03-29T151414.680068.snakemake.log
