Config file config/config.yaml is extended by additional config specified via the command line.
Building DAG of jobs...
Provided cores: 8
Rules claiming more threads will be scaled down.
Conda environments: ignored
Job stats:
job                 count
----------------  -------
cluster_network         1
simplify_network        1
solve_network           1
total                   3

Select jobs to execute...

[Fri Mar 29 15:02:00 2024]
rule simplify_network:
    input: resources/live_data/2024-03-25_12/network.nc, resources/regions_onshore.geojson, resources/regions_offshore.geojson, data/costs_2020.csv
    output: resources/live_data/2024-03-25_12/network_s.nc, resources/live_data/2024-03-25_12/regions_onshore_s.geojson, resources/live_data/2024-03-25_12/regions_offshore_s.geojson, resources/live_data/2024-03-25_12/busmap_s.csv, resources/live_data/2024-03-25_12/connection_costs_s.csv
    log: logs/pypsa-lmp/simplify_network_2024-03-25_12_s.log
    jobid: 2
    reason: Missing output files: resources/live_data/2024-03-25_12/regions_offshore_s.geojson, resources/live_data/2024-03-25_12/network_s.nc, resources/live_data/2024-03-25_12/regions_onshore_s.geojson
    wildcards: date=2024-03-25, period=12
    resources: tmpdir=C:\Users\alyden\AppData\Local\Temp, mem_mb=1500, mem_mib=1431

Waiting at most 5 seconds for missing files.
MissingOutputException in rule simplify_network in file C:\Users\alyden\OneDrive - University of Edinburgh\Python\LMP\Snakefile, line 306:
Job 2  completed successfully, but some output files are missing. Missing files after 5 seconds. This might be due to filesystem latency. If that is the case, consider to increase the wait time with --latency-wait:
resources/live_data/2024-03-25_12/connection_costs_s.csv
Removing output files of failed job simplify_network since they might be corrupted:
resources/live_data/2024-03-25_12/network_s.nc, resources/live_data/2024-03-25_12/regions_onshore_s.geojson, resources/live_data/2024-03-25_12/regions_offshore_s.geojson, resources/live_data/2024-03-25_12/busmap_s.csv
Shutting down, this might take some time.
Exiting because a job execution failed. Look above for error message
Complete log: .snakemake\log\2024-03-29T150200.021792.snakemake.log
