Config file config/config.yaml is extended by additional config specified via the command line.
Building DAG of jobs...
Provided cores: 8
Rules claiming more threads will be scaled down.
Conda environments: ignored
Job stats:
job                       count
----------------------  -------
add_generators                1
build_bus_regions             1
build_load_weights            1
build_shapes                  1
cluster_network               1
prepare_bmu_data              1
prepare_live_network          1
retrieve_databundle           1
retrieve_live_bmu_data        1
retrieve_wiki_data            1
simplify_network              1
solve_network                 1
total                        12

Select jobs to execute...

[Fri Mar 29 14:53:25 2024]
rule retrieve_wiki_data:
    output: resources/wiki_data.csv
    log: logs/pypsa-lmp/retrieve_wiki_data.log
    jobid: 6
    reason: Missing output files: resources/wiki_data.csv
    resources: tmpdir=C:\Users\alyden\AppData\Local\Temp, mem_mb=1000, mem_mib=954

[Fri Mar 29 14:53:25 2024]
rule retrieve_live_bmu_data:
    output: resources/live_data/2024-03-25_12/elexon_bmus.csv
    log: logs/pypsa-lmp/retrieve_live_bmu_data_2024-03-25_12.log
    jobid: 11
    reason: Code has changed since last execution
    wildcards: date=2024-03-25, period=12
    resources: tmpdir=C:\Users\alyden\AppData\Local\Temp, mem_mb=1000, mem_mib=954

ProtectedOutputException in rule retrieve_databundle in file C:\Users\alyden\OneDrive - University of Edinburgh\Python\LMP\Snakefile, line 79:
Write-protected output files for rule retrieve_databundle:
    output: data/bundle/ch_cantons.csv, data/bundle/je-e-21.03.02.xls, data/bundle/eez/World_EEZ_v8_2014.shp, data/bundle/hydro_capacities.csv, data/bundle/naturalearth/ne_10m_admin_0_countries.shp, data/bundle/NUTS_2013_60M_SH/data/NUTS_RG_60M_2013.shp, data/bundle/nama_10r_3popgdp.tsv.gz, data/bundle/nama_10r_3gdp.tsv.gz, data/bundle/corine/g250_clc06_V18_5.tif, data/bundle/natura/Natura2000_end2015.shp, data/bundle/GEBCO_2014_2D.nc
    affected files:
        data/bundle/ch_cantons.csv
        data/bundle/je-e-21.03.02.xls
        data/bundle/eez/World_EEZ_v8_2014.shp
        data/bundle/hydro_capacities.csv
        data/bundle/naturalearth/ne_10m_admin_0_countries.shp
        data/bundle/NUTS_2013_60M_SH/data/NUTS_RG_60M_2013.shp
        data/bundle/nama_10r_3popgdp.tsv.gz
        data/bundle/nama_10r_3gdp.tsv.gz
        data/bundle/corine/g250_clc06_V18_5.tif
        data/bundle/natura/Natura2000_end2015.shp
        data/bundle/GEBCO_2014_2D.nc
