Config file config/config.yaml is extended by additional config specified via the command line.
Building DAG of jobs...
Provided cores: 8
Rules claiming more threads will be scaled down.
Conda environments: ignored
Job stats:
job                     count
--------------------  -------
add_generators              1
cluster_network             1
prepare_live_network        1
simplify_network            1
solve_network               1
total                       5

Select jobs to execute...

[Tue Apr  2 15:53:26 2024]
rule add_generators:
    input: data/ETYS_base.nc, data/gb_shape.geojson, resources/bmunits_loc.csv, resources/regions_onshore.geojson, resources/regions_offshore.geojson, data/manual/carrier_costs.yaml
    output: resources/networks/gen.nc
    log: logs/pypsa-lmp/add_generators.log
    jobid: 2
    reason: Code has changed since last execution
    resources: tmpdir=C:\Users\alyden\AppData\Local\Temp, mem_mb=1000, mem_mib=954

[Tue Apr  2 15:53:36 2024]
Error in rule add_generators:
    jobid: 2
    input: data/ETYS_base.nc, data/gb_shape.geojson, resources/bmunits_loc.csv, resources/regions_onshore.geojson, resources/regions_offshore.geojson, data/manual/carrier_costs.yaml
    output: resources/networks/gen.nc
    log: logs/pypsa-lmp/add_generators.log (check log file(s) for error details)
    conda-env: C:\Users\alyden\OneDrive - University of Edinburgh\Python\LMP\.snakemake\conda\cf0dbe1799d06fa5b5ff98f73b111298_

RuleException:
CalledProcessError in file C:\Users\alyden\OneDrive - University of Edinburgh\Python\LMP\Snakefile, line 236:
Command 'C:/Users/alyden/AppData/Local/miniforge3/envs/pypsa-lmp/python.exe "C:\Users\alyden\OneDrive - University of Edinburgh\Python\LMP\.snakemake\scripts\tmp2m0c7jgl.add_generators.py"' returned non-zero exit status 3221225786.
  File "C:\Users\alyden\OneDrive - University of Edinburgh\Python\LMP\Snakefile", line 236, in __rule_add_generators
  File "C:\Users\alyden\AppData\Local\miniforge3\envs\pypsa-lmp\Lib\concurrent\futures\thread.py", line 58, in run
Terminating processes on user request, this might take some time.
Complete log: .snakemake\log\2024-04-02T155326.212543.snakemake.log
